Vivado Simulator v2024.2.0
Copyright 1986-2022 Xilinx, Inc. All Rights Reserved.
Copyright 2022-2024 Advanced Micro Devices, Inc. All Rights Reserved.
Running: C:/Xilinx/Vivado/2024.2/bin/unwrapped/win64.o/xelab.exe --incr --debug typical --relax --mt 2 -L xil_defaultlib -L secureip --snapshot sim_comp_four_bits_behav xil_defaultlib.sim_comp_four_bits -log elaborate.log 
Using 2 slave threads.
Starting static elaboration
Completed static elaboration
Starting simulation data flow analysis
Completed simulation data flow analysis
Time Resolution for simulation is 1ps
Compiling package std.standard
Compiling package std.textio
Compiling package ieee.std_logic_1164
Compiling architecture behavioral of entity xil_defaultlib.and2 [and2_default]
Compiling architecture behavioral of entity xil_defaultlib.AandNotB [aandnotb_default]
Compiling architecture behavioral of entity xil_defaultlib.oneBitComp [onebitcomp_default]
Compiling architecture behavioral of entity xil_defaultlib.twoBitComp [twobitcomp_default]
Compiling architecture behavioral of entity xil_defaultlib.Four_bit_comparator [four_bit_comparator_default]
Compiling architecture behavioral of entity xil_defaultlib.sim_comp_four_bits
Built simulation snapshot sim_comp_four_bits_behav
