#-----------------------------------------------------------
# Vivado v2024.2 (64-bit)
# SW Build 5239630 on Fri Nov 08 22:35:27 MST 2024
# IP Build 5239520 on Sun Nov 10 16:12:51 MST 2024
# SharedData Build 5239561 on Fri Nov 08 14:39:27 MST 2024
# Start of session at: Sun Mar  9 21:10:39 2025
# Process ID         : 4416
# Current directory  : C:/Users/Dadu/Desktop/4-bit_comparator
# Command line       : vivado.exe -gui_launcher_event rodinguilauncherevent7096 C:\Users\Dadu\Desktop\4-bit_comparator\project_1.xpr
# Log file           : C:/Users/Dadu/Desktop/4-bit_comparator/vivado.log
# Journal file       : C:/Users/Dadu/Desktop/4-bit_comparator\vivado.jou
# Running On         : DESKTOP-S1ER2E3
# Platform           : Windows Server 2016 or Windows 10
# Operating System   : 19045
# Processor Detail   : Intel(R) Core(TM) i5-4300U CPU @ 1.90GHz
# CPU Frequency      : 2494 MHz
# CPU Physical cores : 2
# CPU Logical cores  : 4
# Host memory        : 8261 MB
# Swap memory        : 1275 MB
# Total Virtual      : 9536 MB
# Available Virtual  : 3205 MB
#-----------------------------------------------------------
start_gui
open_project C:/Users/Dadu/Desktop/4-bit_comparator/project_1.xpr
INFO: [Project 1-313] Project file moved from 'C:/Users/Dadu/project_1' since last save.
INFO: [filemgmt 56-3] Default IP Output Path : Could not find the directory 'C:/Users/Dadu/Desktop/4-bit_comparator/project_1.gen/sources_1'.
Scanning sources...
Finished scanning sources
INFO: [IP_Flow 19-234] Refreshing IP repositories
INFO: [IP_Flow 19-1704] No user IP repositories specified
INFO: [IP_Flow 19-2313] Loaded Vivado IP repository 'C:/Xilinx/Vivado/2024.2/data/ip'.
open_project: Time (s): cpu = 00:00:19 ; elapsed = 00:00:08 . Memory (MB): peak = 1109.395 ; gain = 32.199
update_compile_order -fileset sources_1
exit
INFO: [Common 17-206] Exiting Vivado at Sun Mar  9 21:29:52 2025...
